This is pdfTeX, Version 3.14159265-2.6-1.40.20 (TeX Live 2019/Debian) (preloaded format=pdflatex 2020.4.25)  4 JUL 2021 09:45
entering extended mode
 restricted \write18 enabled.
 %&-line parsing enabled.
**main.tex
(./main.tex
LaTeX2e <2020-02-02> patch level 2
L3 programming layer <2020-02-14> (./interact.cls
Document Class: interact 2017/07/31 v1.05 Interact LaTeX document class
(/usr/share/texlive/texmf-dist/tex/latex/base/article.cls
Document Class: article 2019/12/20 v1.4l Standard LaTeX document class
(/usr/share/texlive/texmf-dist/tex/latex/base/size11.clo
File: size11.clo 2019/12/20 v1.4l Standard LaTeX file (size option)
)
\c@part=\count167
\c@section=\count168
\c@subsection=\count169
\c@subsubsection=\count170
\c@paragraph=\count171
\c@subparagraph=\count172
\c@figure=\count173
\c@table=\count174
\abovecaptionskip=\skip47
\belowcaptionskip=\skip48
\bibindent=\dimen134
)
(/usr/share/texlive/texmf-dist/tex/latex/amsmath/amsmath.sty
Package: amsmath 2020/01/20 v2.17e AMS math features
\@mathmargin=\skip49

For additional information on amsmath, use the `?' option.
(/usr/share/texlive/texmf-dist/tex/latex/amsmath/amstext.sty
Package: amstext 2000/06/29 v2.01 AMS text

(/usr/share/texlive/texmf-dist/tex/latex/amsmath/amsgen.sty
File: amsgen.sty 1999/11/30 v2.0 generic functions
\@emptytoks=\toks14
\ex@=\dimen135
))
(/usr/share/texlive/texmf-dist/tex/latex/amsmath/amsbsy.sty
Package: amsbsy 1999/11/29 v1.2d Bold Symbols
\pmbraise@=\dimen136
)
(/usr/share/texlive/texmf-dist/tex/latex/amsmath/amsopn.sty
Package: amsopn 2016/03/08 v2.02 operator names
)
\inf@bad=\count175
LaTeX Info: Redefining \frac on input line 227.
\uproot@=\count176
\leftroot@=\count177
LaTeX Info: Redefining \overline on input line 389.
\classnum@=\count178
\DOTSCASE@=\count179
LaTeX Info: Redefining \ldots on input line 486.
LaTeX Info: Redefining \dots on input line 489.
LaTeX Info: Redefining \cdots on input line 610.
\Mathstrutbox@=\box45
\strutbox@=\box46
\big@size=\dimen137
LaTeX Font Info:    Redeclaring font encoding OML on input line 733.
LaTeX Font Info:    Redeclaring font encoding OMS on input line 734.
\macc@depth=\count180
\c@MaxMatrixCols=\count181
\dotsspace@=\muskip16
\c@parentequation=\count182
\dspbrk@lvl=\count183
\tag@help=\toks15
\row@=\count184
\column@=\count185
\maxfields@=\count186
\andhelp@=\toks16
\eqnshift@=\dimen138
\alignsep@=\dimen139
\tagshift@=\dimen140
\tagwidth@=\dimen141
\totwidth@=\dimen142
\lineht@=\dimen143
\@envbody=\toks17
\multlinegap=\skip50
\multlinetaggap=\skip51
\mathdisplay@stack=\toks18
LaTeX Info: Redefining \[ on input line 2859.
LaTeX Info: Redefining \] on input line 2860.
)
(/usr/share/texlive/texmf-dist/tex/latex/amsfonts/amssymb.sty
Package: amssymb 2013/01/14 v3.01 AMS font symbols

(/usr/share/texlive/texmf-dist/tex/latex/amsfonts/amsfonts.sty
Package: amsfonts 2013/01/14 v3.01 Basic AMSFonts support
\symAMSa=\mathgroup4
\symAMSb=\mathgroup5
LaTeX Font Info:    Redeclaring math symbol \hbar on input line 98.
LaTeX Font Info:    Overwriting math alphabet `\mathfrak' in version `bold'
(Font)                  U/euf/m/n --> U/euf/b/n on input line 106.
))
(/usr/share/texlive/texmf-dist/tex/latex/amscls/amsthm.sty
Package: amsthm 2017/10/31 v2.20.4
\thm@style=\toks19
\thm@bodyfont=\toks20
\thm@headfont=\toks21
\thm@notefont=\toks22
\thm@headpunct=\toks23
\thm@preskip=\skip52
\thm@postskip=\skip53
\thm@headsep=\skip54
\dth@everypar=\toks24
) (./booktabs.sty
Package: booktabs 2005/04/14 v1.61803 publication quality tables
\heavyrulewidth=\dimen144
\lightrulewidth=\dimen145
\cmidrulewidth=\dimen146
\belowrulesep=\dimen147
\belowbottomsep=\dimen148
\aboverulesep=\dimen149
\abovetopsep=\dimen150
\cmidrulesep=\dimen151
\cmidrulekern=\dimen152
\defaultaddspace=\dimen153
\@cmidla=\count187
\@cmidlb=\count188
\@aboverulesep=\dimen154
\@belowrulesep=\dimen155
\@thisruleclass=\count189
\@lastruleclass=\count190
\@thisrulewidth=\dimen156
)
(./epsfig.sty
Package: epsfig 1999/02/16 v1.7a (e)psfig emulation (SPQR)
 (/usr/share/texlive/texmf-dist/tex/latex/graphics/graphicx.sty
Package: graphicx 2019/11/30 v1.2a Enhanced LaTeX Graphics (DPC,SPQR)

(/usr/share/texlive/texmf-dist/tex/latex/graphics/keyval.sty
Package: keyval 2014/10/28 v1.15 key=value parser (DPC)
\KV@toks@=\toks25
)
(/usr/share/texlive/texmf-dist/tex/latex/graphics/graphics.sty
Package: graphics 2019/11/30 v1.4a Standard LaTeX Graphics (DPC,SPQR)

(/usr/share/texlive/texmf-dist/tex/latex/graphics/trig.sty
Package: trig 2016/01/03 v1.10 sin cos tan (DPC)
)
(/usr/share/texlive/texmf-dist/tex/latex/graphics-cfg/graphics.cfg
File: graphics.cfg 2016/06/04 v1.11 sample graphics configuration
)
Package graphics Info: Driver file: pdftex.def on input line 105.

(/usr/share/texlive/texmf-dist/tex/latex/graphics-def/pdftex.def
File: pdftex.def 2018/01/08 v1.0l Graphics/color driver for pdftex
))
\Gin@req@height=\dimen157
\Gin@req@width=\dimen158
)
\epsfxsize=\dimen159
\epsfysize=\dimen160
)
(./rotating.sty
Package: rotating 1997/09/26, v2.13 Rotation package
 (/usr/share/texlive/texmf-dist/tex/latex/base/ifthen.sty
Package: ifthen 2014/09/29 v1.1c Standard LaTeX ifthen package (DPC)
)
\c@r@tfl@t=\count191
\rot@float@box=\box47
)
(/usr/share/texlive/texmf-dist/tex/latex/geometry/geometry.sty
Package: geometry 2020/01/02 v5.9 Page Geometry

(/usr/share/texlive/texmf-dist/tex/generic/iftex/ifvtex.sty
Package: ifvtex 2019/10/25 v1.7 ifvtex legacy package. Use iftex instead.

(/usr/share/texlive/texmf-dist/tex/generic/iftex/iftex.sty
Package: iftex 2019/11/07 v1.0c TeX engine tests
))
\Gm@cnth=\count192
\Gm@cntv=\count193
\c@Gm@tempcnt=\count194
\Gm@bindingoffset=\dimen161
\Gm@wd@mp=\dimen162
\Gm@odd@mp=\dimen163
\Gm@even@mp=\dimen164
\Gm@layoutwidth=\dimen165
\Gm@layoutheight=\dimen166
\Gm@layouthoffset=\dimen167
\Gm@layoutvoffset=\dimen168
\Gm@dimlist=\toks26
)
\c@mv@upright=\count195
\c@mv@boldupright=\count196
LaTeX Font Info:    Overwriting symbol font `letters' in version `upright'
(Font)                  OML/cmm/m/it --> OML/eur/m/n on input line 163.
LaTeX Font Info:    Overwriting symbol font `letters' in version `boldupright'
(Font)                  OML/cmm/m/it --> OML/eur/b/n on input line 164.
\LabelSep=\dimen169
\TopSep=\skip55
\figheight=\dimen170
\figwidth=\dimen171
\tabledim=\dimen172
)
(/usr/share/texlive/texmf-dist/tex/latex/mhchem/mhchem.sty
Package: mhchem 2018/06/22 v4.08 for typesetting chemical formulae

(/usr/share/texlive/texmf-dist/tex/latex/l3kernel/expl3.sty
Package: expl3 2020-02-14 L3 programming layer (loader) 

(/usr/share/texlive/texmf-dist/tex/latex/l3backend/l3backend-pdfmode.def
File: l3backend-pdfmode.def 2020-02-03 L3 backend support: PDF mode
\l__kernel_color_stack_int=\count197
\l__pdf_internal_box=\box48
))
(/usr/share/texlive/texmf-dist/tex/latex/l3packages/l3keys2e/l3keys2e.sty
Package: l3keys2e 2020-02-14 LaTeX2e option processing using LaTeX3 keys
)
(/usr/share/texlive/texmf-dist/tex/latex/tools/calc.sty
Package: calc 2017/05/25 v4.3 Infix arithmetic (KKT,FJ)
\calc@Acount=\count198
\calc@Bcount=\count199
\calc@Adimen=\dimen173
\calc@Bdimen=\dimen174
\calc@Askip=\skip56
\calc@Bskip=\skip57
LaTeX Info: Redefining \setlength on input line 80.
LaTeX Info: Redefining \addtolength on input line 81.
\calc@Ccount=\count266
\calc@Cskip=\skip58
)
(/usr/share/texlive/texmf-dist/tex/latex/chemgreek/chemgreek.sty
(/usr/share/texlive/texmf-dist/tex/latex/l3packages/xparse/xparse.sty
Package: xparse 2020-02-14 L3 Experimental document command parser
\l__xparse_current_arg_int=\count267
\g__xparse_grabber_int=\count268
\l__xparse_m_args_int=\count269
\l__xparse_v_nesting_int=\count270
)
Package: chemgreek 2020/01/16 v1.1a interface for upright Greek letters for use
 in chemistry (CN)
\l__chemgreek_tmpa_int=\count271
\g__chemgreek_tmpa_int=\count272
)
\l__mhchem_ce_distanceFromLastComma_int=\count273
\__mhchem_arrow_extPgfLength_skip=\skip59
\mhchem@minispace@tmp=\skip60
\mhchem@minibackspace@tmp=\skip61
\mhchem@bondwidth=\skip62
\mhchem@bondheight=\skip63
\mhchem@smallbondwidth@tmpA=\skip64
\mhchem@smallbondwidth@tmpB=\skip65
\mhchem@smallbondwidth=\skip66
\mhchem@bondtmp@minussidebearingleft=\skip67
\mhchem@bondtmp@minussidebearingright=\skip68
\l__mhchem_option_version_int=\count274
\mhchem@option@minusmathsidebearingleft=\dimen175
\mhchem@option@minusmathsidebearingright=\dimen176
\mhchem@option@minustextsidebearingleft=\dimen177
\mhchem@option@minustextsidebearingright=\dimen178
)
(/usr/share/texlive/texmf-dist/tex/latex/breqn/breqn.sty
Package: breqn 2020/02/16 v0.98h Breaking equations

(/usr/share/texlive/texmf-dist/tex/latex/breqn/flexisym.sty
Package: flexisym 2020/02/16 v0.98h Make math characters macros
LaTeX Info: Redefining \textprime on input line 298.
LaTeX Info: Redefining \not on input line 356.

(/usr/share/texlive/texmf-dist/tex/latex/breqn/cmbase.sym
File: cmbase.sym 2007/12/19 v0.92
LaTeX Info: Redefining \hbar on input line 323.
LaTeX Info: Redefining \surd on input line 325.
LaTeX Info: Redefining \angle on input line 333.
LaTeX Info: Redefining \neq on input line 334.
LaTeX Info: Redefining \mapsto on input line 335.
LaTeX Info: Redefining \cong on input line 336.
LaTeX Info: Redefining \notin on input line 339.
LaTeX Info: Redefining \rightleftharpoons on input line 340.
LaTeX Info: Redefining \doteq on input line 341.
LaTeX Info: Redefining \hookrightarrow on input line 342.
LaTeX Info: Redefining \hookleftarrow on input line 343.
LaTeX Info: Redefining \bowtie on input line 344.
LaTeX Info: Redefining \models on input line 345.
LaTeX Info: Redefining \Longrightarrow on input line 346.
LaTeX Info: Redefining \longrightarrow on input line 347.
LaTeX Info: Redefining \Longleftarrow on input line 348.
LaTeX Info: Redefining \longleftarrow on input line 349.
LaTeX Info: Redefining \longmapsto on input line 350.
LaTeX Info: Redefining \longleftrightarrow on input line 351.
LaTeX Info: Redefining \Longleftrightarrow on input line 352.
LaTeX Info: Redefining \cdots on input line 356.
LaTeX Info: Redefining \vdots on input line 359.
LaTeX Info: Redefining \ddots on input line 364.
)
(/usr/share/texlive/texmf-dist/tex/latex/breqn/mathstyle.sty
Package: mathstyle 2020/02/16 v0.98h Tracking mathstyle implicitly
LaTeX Info: Redefining \displaystyle on input line 93.
LaTeX Info: Redefining \textstyle on input line 95.
LaTeX Info: Redefining \scriptstyle on input line 97.
LaTeX Info: Redefining \scriptscriptstyle on input line 99.
LaTeX Info: Redefining \genfrac on input line 145.
))
\inf@bad=\count275
\maxint=\count276
\listwidth=\dimen179
\eqnumsep=\dimen180
\eqmargin=\dimen181
\eqlinespacing=\skip69
\eqlineskip=\skip70
\eqlineskiplimit=\dimen182
\eqbinoffset=\muskip17
\eqdelimoffset=\muskip18
\eqindentstep=\dimen183
\eqstyle=\toks27
\eqbreakdepth=\count277
\eqinterlinepenalty=\count278
\intereqpenalty=\count279
\intereqskip=\skip71
\prerelpenalty=\count280
\prebinoppenalty=\count281
\Dmedmuskip=\muskip19
\Dthickmuskip=\muskip20
\eqleftskip=\skip72
\eqrightskip=\skip73
\eq@vspan=\skip74
\eq@binoffset=\muskip21
\EQ@box=\box49
\EQ@copy=\box50
\EQ@numbox=\box51
\eq@wdNum=\dimen184
\GRP@numbox=\box52
\grp@wdNum=\dimen185
\eq@lines=\count282
\eq@curline=\count283
\eq@badness=\count284
\EQ@vims=\count285
\eq@dp=\dimen186
\eq@wdL=\dimen187
\eq@wdT=\dimen188
\eq@wdMin=\dimen189
\grp@wdL=\dimen190
\grp@wdR=\dimen191
\grp@wdT=\dimen192
\eq@wdRmax=\dimen193
\eq@firstht=\dimen194
\eq@wdCond=\dimen195
\eq@indentstep=\dimen196
\eq@linewidth=\dimen197
\grp@linewidth=\dimen198
\eq@hshift=\dimen199
\eq@given@sidespace=\dimen256
\mathindent=\dimen257
\eq@final@linecount=\count286
\eq@wdR=\dimen258
\EQ@continue=\toks28
\lr@level=\count287
\GRP@queue=\toks29
\GRP@box=\box53
\GRP@wholebox=\box54
\darraycolsep=\skip75
\cur@row=\count288
\cur@col=\count289
\conditionsep=\skip76
)
(/usr/share/texlive/texmf-dist/tex/latex/jknapltx/mathrsfs.sty
Package: mathrsfs 1996/01/01 Math RSFS package v1.0 (jk)
\symrsfs=\mathgroup6
)
(/usr/share/texlive/texmf-dist/tex/latex/epstopdf-pkg/epstopdf.sty
Package: epstopdf 2020-01-24 v2.11 Conversion with epstopdf on the fly (HO)

(/usr/share/texlive/texmf-dist/tex/generic/infwarerr/infwarerr.sty
Package: infwarerr 2019/12/03 v1.5 Providing info/warning/error messages (HO)
)
(/usr/share/texlive/texmf-dist/tex/latex/grfext/grfext.sty
Package: grfext 2019/12/03 v1.3 Manage graphics extensions (HO)

(/usr/share/texlive/texmf-dist/tex/generic/kvdefinekeys/kvdefinekeys.sty
Package: kvdefinekeys 2019-12-19 v1.6 Define keys (HO)
))
(/usr/share/texlive/texmf-dist/tex/latex/kvoptions/kvoptions.sty
Package: kvoptions 2019/11/29 v3.13 Key value format for package options (HO)

(/usr/share/texlive/texmf-dist/tex/generic/ltxcmds/ltxcmds.sty
Package: ltxcmds 2019/12/15 v1.24 LaTeX kernel commands for general use (HO)
)
(/usr/share/texlive/texmf-dist/tex/generic/kvsetkeys/kvsetkeys.sty
Package: kvsetkeys 2019/12/15 v1.18 Key value parser (HO)
))
(/usr/share/texlive/texmf-dist/tex/latex/pdftexcmds/pdftexcmds.sty
Package: pdftexcmds 2019/11/24 v0.31 Utility functions of pdfTeX for LuaTeX (HO
)
Package pdftexcmds Info: \pdf@primitive is available.
Package pdftexcmds Info: \pdf@ifprimitive is available.
Package pdftexcmds Info: \pdfdraftmode found.
)
(/usr/share/texlive/texmf-dist/tex/latex/epstopdf-pkg/epstopdf-base.sty
Package: epstopdf-base 2020-01-24 v2.11 Base part for package epstopdf
Package epstopdf-base Info: Redefining graphics rule for `.eps' on input line 4
85.
Package grfext Info: Graphics extension search list:
(grfext)             [.pdf,.png,.jpg,.mps,.jpeg,.jbig2,.jb2,.PDF,.PNG,.JPG,.JPE
G,.JBIG2,.JB2,.eps]
(grfext)             \AppendGraphicsExtensions on input line 504.

(/usr/share/texlive/texmf-dist/tex/latex/latexconfig/epstopdf-sys.cfg
File: epstopdf-sys.cfg 2010/07/13 v1.3 Configuration of (r)epstopdf for TeX Liv
e
)))
(./subfig.sty
Package: subfig 2005/06/28 ver: 1.3 subfig package
 (/usr/share/texlive/texmf-dist/tex/latex/caption/caption3.sty
Package: caption3 2020/01/03 v1.8h caption3 kernel (AR)
Package caption3 Info: TeX engine: e-TeX on input line 61.
\captionmargin=\dimen259
\captionmargin@=\dimen260
\captionwidth=\dimen261
\caption@tempdima=\dimen262
\caption@indent=\dimen263
\caption@parindent=\dimen264
\caption@hangindent=\dimen265
Package caption Info: Unknown document class (or package),
(caption)             standard defaults will be used.
Package caption Info: \@makecaption = \long macro:#1#2->\ifx \FigName \@captype
 \vskip \abovecaptionskip \setbox \@tempboxa \hbox {\figcaptionfont {\fignumfon
t #1}\hskip 4pt#2}\ifdim \wd \@tempboxa >\hsize {\figcaptionfont \noindent {\fi
gnumfont #1}\hskip 7pt\ignorespaces #2\par }\else \global \@minipagefalse \hb@x
t@ \hsize {\hfil \box \@tempboxa \hfil }\fi \else {\tablecaptionfont {\tablenum
font #1}\hskip 7pt\ignorespaces {#2}\par }\vskip \belowcaptionskip \fi  on inpu
t line 1082.
)
\c@KVtest=\count290
\sf@farskip=\skip77
\sf@captopadj=\dimen266
\sf@capskip=\skip78
\sf@nearskip=\skip79
\c@subfigure=\count291
\c@subfigure@save=\count292
\c@lofdepth=\count293
\c@subtable=\count294
\c@subtable@save=\count295
\c@lotdepth=\count296
\sf@top=\skip80
\sf@bottom=\skip81
)
(./natbib.sty
Package: natbib 2010/09/13 8.31b (PWD, AO)
\bibhang=\skip82
\bibsep=\skip83
LaTeX Info: Redefining \cite on input line 694.
\c@NAT@ctr=\count297
)
\c@theorem=\count298
\c@remark=\count299
\c@notation=\count300
 (./main.aux

Package natbib Warning: Citation `KeratinStructure' multiply defined.

)
\openout1 = `main.aux'.

LaTeX Font Info:    Checking defaults for OML/cmm/m/it on input line 36.
LaTeX Font Info:    ... okay on input line 36.
LaTeX Font Info:    Checking defaults for OMS/cmsy/m/n on input line 36.
LaTeX Font Info:    ... okay on input line 36.
LaTeX Font Info:    Checking defaults for OT1/cmr/m/n on input line 36.
LaTeX Font Info:    ... okay on input line 36.
LaTeX Font Info:    Checking defaults for T1/cmr/m/n on input line 36.
LaTeX Font Info:    ... okay on input line 36.
LaTeX Font Info:    Checking defaults for TS1/cmr/m/n on input line 36.
LaTeX Font Info:    ... okay on input line 36.
LaTeX Font Info:    Checking defaults for OMX/cmex/m/n on input line 36.
LaTeX Font Info:    ... okay on input line 36.
LaTeX Font Info:    Checking defaults for U/cmr/m/n on input line 36.
LaTeX Font Info:    ... okay on input line 36.
 (/usr/share/texlive/texmf-dist/tex/context/base/mkii/supp-pdf.mkii
[Loading MPS to PDF converter (version 2006.09.02).]
\scratchcounter=\count301
\scratchdimen=\dimen267
\scratchbox=\box55
\nofMPsegments=\count302
\nofMParguments=\count303
\everyMPshowfont=\toks30
\MPscratchCnt=\count304
\MPscratchDim=\dimen268
\MPnumerator=\count305
\makeMPintoPDFobject=\count306
\everyMPtoPDFconversion=\toks31
)
*geometry* driver: auto-detecting
*geometry* detected driver: pdftex
*geometry* verbose mode - [ preamble ] result:
* driver: pdftex
* paper: <default>
* layout: <same size as paper>
* layoutoffset:(h,v)=(0.0pt,0.0pt)
* modes: 
* h-part:(L,W,R)=(94.75394pt, 408.0pt, 94.75394pt)
* v-part:(T,H,B)=(78.01874pt, 650.0pt, 117.0281pt)
* \paperwidth=597.50787pt
* \paperheight=845.04684pt
* \textwidth=408.0pt
* \textheight=650.0pt
* \oddsidemargin=22.48395pt
* \evensidemargin=22.48395pt
* \topmargin=-31.25125pt
* \headheight=12.0pt
* \headsep=25.0pt
* \topskip=11.0pt
* \footskip=30.0pt
* \marginparwidth=50.0pt
* \marginparsep=10.0pt
* \columnsep=12.0pt
* \skip\footins=10.0pt plus 4.0pt minus 2.0pt
* \hoffset=0.0pt
* \voffset=0.0pt
* \mag=1000
* \@twocolumnfalse
* \@twosidefalse
* \@mparswitchfalse
* \@reversemarginfalse
* (1in=72.27pt=25.4mm, 1cm=28.453pt)


Package chemgreek Info: Activating mapping `default' on line 36.

Package caption Info: Begin \AtBeginDocument code.
Package caption Info: subfig package v1.3 is loaded.
Package caption Info: End \AtBeginDocument code.

LaTeX Font Warning: Font shape `OT1/cmr/m/n' in size <13> not available
(Font)              size <12> substituted on input line 48.


LaTeX Font Warning: Font shape `OT1/cmr/bx/n' in size <13> not available
(Font)              size <12> substituted on input line 48.

LaTeX Font Info:    Calculating math sizes for size <13> on input line 48.

LaTeX Font Warning: Font shape `OT1/cmr/bx/n' in size <6.5> not available
(Font)              size <6> substituted on input line 48.


LaTeX Font Warning: Font shape `OML/cmm/b/it' in size <13> not available
(Font)              size <12> substituted on input line 48.


LaTeX Font Warning: Font shape `OML/cmm/b/it' in size <6.5> not available
(Font)              size <6> substituted on input line 48.


LaTeX Font Warning: Font shape `OMS/cmsy/b/n' in size <13> not available
(Font)              size <12> substituted on input line 48.


LaTeX Font Warning: Font shape `OMS/cmsy/b/n' in size <6.5> not available
(Font)              size <6> substituted on input line 48.

LaTeX Font Info:    Trying to load font information for U+msa on input line 48.

(/usr/share/texlive/texmf-dist/tex/latex/amsfonts/umsa.fd
File: umsa.fd 2013/01/14 v3.01 AMS symbols A
)
LaTeX Font Info:    Trying to load font information for U+msb on input line 48.


(/usr/share/texlive/texmf-dist/tex/latex/amsfonts/umsb.fd
File: umsb.fd 2013/01/14 v3.01 AMS symbols B
)
LaTeX Font Info:    Trying to load font information for U+rsfs on input line 48
.

(/usr/share/texlive/texmf-dist/tex/latex/jknapltx/ursfs.fd
File: ursfs.fd 1998/03/24 rsfs font definition file (jk)
)

LaTeX Font Warning: Font shape `U/rsfs/m/n' in size <13> not available
(Font)              size <12> substituted on input line 48.


LaTeX Font Warning: Font shape `U/rsfs/m/n' in size <6.5> not available
(Font)              size <6> substituted on input line 48.

LaTeX Font Info:    Calculating math sizes for size <11> on input line 48.

LaTeX Font Warning: Font shape `OT1/cmr/m/n' in size <5.5> not available
(Font)              size <5> substituted on input line 48.


LaTeX Font Warning: Font shape `OML/cmm/m/it' in size <5.5> not available
(Font)              size <5> substituted on input line 48.


LaTeX Font Warning: Font shape `OMS/cmsy/m/n' in size <5.5> not available
(Font)              size <5> substituted on input line 48.


LaTeX Font Warning: Font shape `U/rsfs/m/n' in size <5.5> not available
(Font)              size <5> substituted on input line 48.


Package natbib Warning: Citation `SantosNogueira2004' on page 1 undefined on in
put line 73.

[1



{/var/lib/texmf/fonts/map/pdftex/updmap/pdftex.map}]

Package natbib Warning: Citation `Ruetsch2000' on page 2 undefined on input lin
e 88.


Package natbib Warning: Citation `Pande1993' on page 2 undefined on input line 
89.

[2]

Package natbib Warning: Citation `Santos2004' on page 3 undefined on input line
 117.


Package natbib Warning: Citation `Nogueira2006' on page 3 undefined on input li
ne 122.

[3] [4]
<Figs/fig1.png, id=29, 905.3825pt x 563.10374pt>
File: Figs/fig1.png Graphic file (type png)
<use Figs/fig1.png>
Package pdftex.def Info: Figs/fig1.png  used on input line 169.
(pdftex.def)             Requested size: 408.0pt x 253.75522pt.
 [5]
<Figs/diff.png, id=34, 1027.84pt x 770.88pt>
File: Figs/diff.png Graphic file (type png)
<use Figs/diff.png>
Package pdftex.def Info: Figs/diff.png  used on input line 207.
(pdftex.def)             Requested size: 408.0pt x 306.00577pt.
<Figs/diffH2O.png, id=35, 1027.84pt x 770.88pt>
File: Figs/diffH2O.png Graphic file (type png)
<use Figs/diffH2O.png>
Package pdftex.def Info: Figs/diffH2O.png  used on input line 213.
(pdftex.def)             Requested size: 408.0pt x 306.00577pt.
<Figs/GS.png, id=36, 867.24pt x 433.62pt>
File: Figs/GS.png Graphic file (type png)
<use Figs/GS.png>
Package pdftex.def Info: Figs/GS.png  used on input line 219.
(pdftex.def)             Requested size: 408.0pt x 203.99992pt.
<Figs/EX.png, id=37, 867.24pt x 433.62pt>
File: Figs/EX.png Graphic file (type png)
<use Figs/EX.png>
Package pdftex.def Info: Figs/EX.png  used on input line 225.
(pdftex.def)             Requested size: 408.0pt x 203.99992pt.
<Figs/EXh2o.png, id=38, 867.24pt x 433.62pt>
File: Figs/EXh2o.png Graphic file (type png)
<use Figs/EXh2o.png>
Package pdftex.def Info: Figs/EXh2o.png  used on input line 231.
(pdftex.def)             Requested size: 408.0pt x 203.99992pt.
<Figs/COMPb3lyp.png, id=39, 867.24pt x 433.62pt>
File: Figs/COMPb3lyp.png Graphic file (type png)
<use Figs/COMPb3lyp.png>
Package pdftex.def Info: Figs/COMPb3lyp.png  used on input line 237.
(pdftex.def)             Requested size: 408.0pt x 203.99992pt.
<Figs/COMPcamb3lyp.png, id=40, 867.24pt x 433.62pt>
File: Figs/COMPcamb3lyp.png Graphic file (type png)
<use Figs/COMPcamb3lyp.png>
Package pdftex.def Info: Figs/COMPcamb3lyp.png  used on input line 243.
(pdftex.def)             Requested size: 408.0pt x 203.99992pt.
<Figs/COMPlcblyp.png, id=41, 867.24pt x 433.62pt>
File: Figs/COMPlcblyp.png Graphic file (type png)
<use Figs/COMPlcblyp.png>
Package pdftex.def Info: Figs/COMPlcblyp.png  used on input line 249.
(pdftex.def)             Requested size: 408.0pt x 203.99992pt.
 [6 <./Figs/fig1.png>] [7 <./Figs/diff.png>] [8 <./Figs/diffH2O.png> <./Figs/GS
.png>] [9 <./Figs/EX.png> <./Figs/EXh2o.png>] [10 <./Figs/COMPb3lyp.png> <./Fig
s/COMPcamb3lyp.png>] [11 <./Figs/COMPlcblyp.png>] [12] [13]
Overfull \hbox (17.4029pt too wide) in paragraph at lines 443--443
[] \OT1/cmtt/m/n/10.95 $<$http://ej.iop.org/links/57/Hd+yfNDozFMnm2H8QoyUKA/njp
3\_1\_128.pdf$>$.[] 
 []

[14]

Package natbib Warning: There were undefined citations.


Package natbib Warning: There were multiply defined citations.

[15] (./main.aux

Package natbib Warning: Citation(s) may have changed.
(natbib)                Rerun to get citations correct.

)

LaTeX Font Warning: Size substitutions with differences
(Font)              up to 1.0pt have occurred.

 ) 
Here is how much of TeX's memory you used:
 7097 strings out of 483098
 112362 string characters out of 5964330
 378895 words of memory out of 5000000
 21984 multiletter control sequences out of 15000+600000
 550414 words of font info for 98 fonts, out of 8000000 for 9000
 59 hyphenation exceptions out of 8191
 46i,10n,46p,1715b,346s stack positions out of 5000i,500n,10000p,200000b,80000s
 </home/yavar001/.texlive2019/texmf-var/fonts/pk/ljfour/jknappen/ec/tcrm1095.
600pk> </home/yavar001/.texlive2019/texmf-var/fonts/pk/ljfour/jknappen/ec/tcbx1
095.600pk></usr/share/texlive/texmf-dist/fonts/type1/public/amsfonts/cm/cmbx10.
pfb></usr/share/texlive/texmf-dist/fonts/type1/public/amsfonts/cm/cmbx12.pfb></
usr/share/texlive/texmf-dist/fonts/type1/public/amsfonts/cm/cmbx8.pfb></usr/sha
re/texlive/texmf-dist/fonts/type1/public/amsfonts/cm/cmbx9.pfb></usr/share/texl
ive/texmf-dist/fonts/type1/public/amsfonts/cm/cmbxti10.pfb></usr/share/texlive/
texmf-dist/fonts/type1/public/amsfonts/cm/cmcsc10.pfb></usr/share/texlive/texmf
-dist/fonts/type1/public/amsfonts/cm/cmmi10.pfb></usr/share/texlive/texmf-dist/
fonts/type1/public/amsfonts/cm/cmmi8.pfb></usr/share/texlive/texmf-dist/fonts/t
ype1/public/amsfonts/cm/cmmib10.pfb></usr/share/texlive/texmf-dist/fonts/type1/
public/amsfonts/cm/cmr10.pfb></usr/share/texlive/texmf-dist/fonts/type1/public/
amsfonts/cm/cmr12.pfb></usr/share/texlive/texmf-dist/fonts/type1/public/amsfont
s/cm/cmr6.pfb></usr/share/texlive/texmf-dist/fonts/type1/public/amsfonts/cm/cmr
7.pfb></usr/share/texlive/texmf-dist/fonts/type1/public/amsfonts/cm/cmr8.pfb></
usr/share/texlive/texmf-dist/fonts/type1/public/amsfonts/cm/cmr9.pfb></usr/shar
e/texlive/texmf-dist/fonts/type1/public/amsfonts/cm/cmss10.pfb></usr/share/texl
ive/texmf-dist/fonts/type1/public/amsfonts/cm/cmtt10.pfb></usr/share/texlive/te
xmf-dist/fonts/type1/public/amsfonts/cm/cmtt9.pfb>
Output written on main.pdf (15 pages, 1857434 bytes).
PDF statistics:
 155 PDF objects out of 1000 (max. 8388607)
 98 compressed objects within 1 object stream
 0 named destinations out of 1000 (max. 500000)
 46 words of extra memory for PDF output out of 10000 (max. 10000000)

